[1453478584][gears]	Passive mode enabled
[1453478584][files-o]	Directory listed
[1453478584][gears]	Passive mode enabled
[1453478584][gears]	Passive mode enabled
[1453478584][upload]	File uploaded successfully
[1453478584][upload]	File uploaded successfully
[1453478584][gears]	Passive mode enabled
[1453478584][gears]	Passive mode enabled
[1453478584][upload]	File uploaded successfully
[1453478584][upload]	File uploaded successfully
[1453478585][gears]	Passive mode enabled
[1453478585][gears]	Passive mode enabled
[1453478585][upload]	File uploaded successfully
[1453478585][upload]	File uploaded successfully
[1453478585][gears]	Passive mode enabled
[1453478585][gears]	Passive mode enabled
[1453478585][upload]	File uploaded successfully
[1453478585][upload]	File uploaded successfully
[1453478585][gears]	Passive mode enabled
[1453478585][gears]	Passive mode enabled
[1453478585][upload]	File uploaded successfully
[1453478585][upload]	File uploaded successfully
[1453478585][gears]	Passive mode enabled
[1453478585][upload]	File uploaded successfully
[1453478585][folder]	Directory "jszip" created successfully !
[1453478586][folder]	Directory "pdfmake" created successfully !
[1453974072][gears]	Passive mode enabled
[1453974072][files-o]	Directory listed
[1453974072][gears]	Passive mode enabled
[1453974072][gears]	Passive mode enabled
[1453974072][upload]	File uploaded successfully
[1453974072][upload]	File uploaded successfully
[1453974072][gears]	Passive mode enabled
[1453974072][gears]	Passive mode enabled
[1453974072][upload]	File uploaded successfully
[1453974072][upload]	File uploaded successfully
[1453974072][gears]	Passive mode enabled
[1453974072][gears]	Passive mode enabled
[1453974072][upload]	File uploaded successfully
[1453974072][upload]	File uploaded successfully
[1453974072][gears]	Passive mode enabled
[1453974072][gears]	Passive mode enabled
[1453974072][upload]	File uploaded successfully
[1453974072][upload]	File uploaded successfully
[1453974073][gears]	Passive mode enabled
[1453974073][gears]	Passive mode enabled
[1453974073][upload]	File uploaded successfully
[1453974073][upload]	File uploaded successfully
[1453974073][gears]	Passive mode enabled
[1453974073][upload]	File uploaded successfully
