[1453478424][gears]	Passive mode enabled
[1453478424][files-o]	Directory listed
[1453478490][gears]	Passive mode enabled
[1453478490][upload]	File uploaded successfully
[1453478490][gears]	Passive mode enabled
[1453478490][upload]	File uploaded successfully
[1453478491][gears]	Passive mode enabled
[1453478491][upload]	File uploaded successfully
[1453478491][gears]	Passive mode enabled
[1453478491][upload]	File uploaded successfully
[1453478491][gears]	Passive mode enabled
[1453478491][upload]	File uploaded successfully
[1453478491][gears]	Passive mode enabled
[1453478491][upload]	File uploaded successfully
[1453478491][gears]	Passive mode enabled
[1453478491][upload]	File uploaded successfully
[1453478491][gears]	Passive mode enabled
[1453478491][upload]	File uploaded successfully
[1453478491][gears]	Passive mode enabled
[1453478491][upload]	File uploaded successfully
[1453478491][gears]	Passive mode enabled
[1453478492][upload]	File uploaded successfully
[1453478492][gears]	Passive mode enabled
[1453478492][upload]	File uploaded successfully
[1453478492][gears]	Passive mode enabled
[1453478492][upload]	File uploaded successfully
[1453478492][gears]	Passive mode enabled
[1453478492][upload]	File uploaded successfully
[1453478492][gears]	Passive mode enabled
[1453478492][upload]	File uploaded successfully
[1453478492][gears]	Passive mode enabled
[1453478492][upload]	File uploaded successfully
[1453478492][gears]	Passive mode enabled
[1453478492][upload]	File uploaded successfully
[1453478492][gears]	Passive mode enabled
[1453478492][upload]	File uploaded successfully
[1453478492][gears]	Passive mode enabled
[1453478493][upload]	File uploaded successfully
[1453478493][gears]	Passive mode enabled
[1453478493][upload]	File uploaded successfully
[1453478493][gears]	Passive mode enabled
[1453478493][upload]	File uploaded successfully
[1453478493][gears]	Passive mode enabled
[1453478493][upload]	File uploaded successfully
[1453478493][gears]	Passive mode enabled
[1453478493][upload]	File uploaded successfully
[1453478493][gears]	Passive mode enabled
[1453478493][upload]	File uploaded successfully
[1453478493][gears]	Passive mode enabled
[1453478494][upload]	File uploaded successfully
[1453478494][gears]	Passive mode enabled
[1453478494][upload]	File uploaded successfully
[1453478494][gears]	Passive mode enabled
[1453478494][upload]	File uploaded successfully
[1453478494][gears]	Passive mode enabled
[1453478494][upload]	File uploaded successfully
[1453478495][gears]	Passive mode enabled
[1453478495][upload]	File uploaded successfully
[1453478495][gears]	Passive mode enabled
[1453478495][upload]	File uploaded successfully
[1453478495][gears]	Passive mode enabled
[1453478495][upload]	File uploaded successfully
[1453478495][gears]	Passive mode enabled
[1453478495][upload]	File uploaded successfully
[1453478495][gears]	Passive mode enabled
[1453478495][upload]	File uploaded successfully
[1453478495][gears]	Passive mode enabled
[1453478495][upload]	File uploaded successfully
[1453478495][gears]	Passive mode enabled
[1453478495][upload]	File uploaded successfully
[1453478496][gears]	Passive mode enabled
[1453478496][upload]	File uploaded successfully
[1453478496][gears]	Passive mode enabled
[1453478496][upload]	File uploaded successfully
[1453478496][gears]	Passive mode enabled
[1453478496][upload]	File uploaded successfully
[1453478496][gears]	Passive mode enabled
[1453478496][upload]	File uploaded successfully
[1453478496][gears]	Passive mode enabled
[1453478496][upload]	File uploaded successfully
[1453478496][gears]	Passive mode enabled
[1453478496][upload]	File uploaded successfully
[1453478496][gears]	Passive mode enabled
[1453478496][upload]	File uploaded successfully
[1453478496][gears]	Passive mode enabled
[1453478497][upload]	File uploaded successfully
[1453478497][gears]	Passive mode enabled
[1453478497][upload]	File uploaded successfully
[1453478497][gears]	Passive mode enabled
[1453478497][upload]	File uploaded successfully
[1453478497][gears]	Passive mode enabled
[1453478497][upload]	File uploaded successfully
[1453478497][gears]	Passive mode enabled
[1453478497][upload]	File uploaded successfully
[1453478497][gears]	Passive mode enabled
[1453478497][upload]	File uploaded successfully
[1453478497][gears]	Passive mode enabled
[1453478497][upload]	File uploaded successfully
[1453478497][gears]	Passive mode enabled
[1453478498][upload]	File uploaded successfully
[1453478498][gears]	Passive mode enabled
[1453478498][upload]	File uploaded successfully
[1453478498][gears]	Passive mode enabled
[1453478498][upload]	File uploaded successfully
[1453478498][gears]	Passive mode enabled
[1453478498][upload]	File uploaded successfully
[1453478498][gears]	Passive mode enabled
[1453478498][upload]	File uploaded successfully
[1453478498][gears]	Passive mode enabled
[1453478498][upload]	File uploaded successfully
[1453478498][gears]	Passive mode enabled
[1453478498][upload]	File uploaded successfully
[1453478498][gears]	Passive mode enabled
[1453478498][upload]	File uploaded successfully
[1453478498][gears]	Passive mode enabled
[1453478499][upload]	File uploaded successfully
[1453478499][gears]	Passive mode enabled
[1453478499][upload]	File uploaded successfully
[1453478499][gears]	Passive mode enabled
[1453478499][upload]	File uploaded successfully
[1453478499][gears]	Passive mode enabled
[1453478499][upload]	File uploaded successfully
[1453478499][gears]	Passive mode enabled
[1453478499][upload]	File uploaded successfully
[1453478499][gears]	Passive mode enabled
[1453478499][upload]	File uploaded successfully
[1453478499][gears]	Passive mode enabled
[1453478499][upload]	File uploaded successfully
[1453478499][gears]	Passive mode enabled
[1453478500][upload]	File uploaded successfully
[1453478500][gears]	Passive mode enabled
[1453478500][upload]	File uploaded successfully
[1453478500][gears]	Passive mode enabled
[1453478500][upload]	File uploaded successfully
[1453478500][gears]	Passive mode enabled
[1453478500][upload]	File uploaded successfully
[1453478500][gears]	Passive mode enabled
[1453478500][upload]	File uploaded successfully
[1453478500][gears]	Passive mode enabled
[1453478500][upload]	File uploaded successfully
[1453478500][gears]	Passive mode enabled
[1453478500][upload]	File uploaded successfully
[1453478500][gears]	Passive mode enabled
[1453478500][upload]	File uploaded successfully
[1453478500][gears]	Passive mode enabled
[1453478501][upload]	File uploaded successfully
[1453478501][gears]	Passive mode enabled
[1453478501][upload]	File uploaded successfully
[1453478501][gears]	Passive mode enabled
[1453478501][upload]	File uploaded successfully
[1453478501][gears]	Passive mode enabled
[1453478501][upload]	File uploaded successfully
[1453478501][gears]	Passive mode enabled
[1453478501][upload]	File uploaded successfully
[1453478501][gears]	Passive mode enabled
[1453478501][upload]	File uploaded successfully
[1453478501][gears]	Passive mode enabled
[1453478501][upload]	File uploaded successfully
[1453478501][gears]	Passive mode enabled
[1453478502][upload]	File uploaded successfully
[1453478502][gears]	Passive mode enabled
[1453478502][upload]	File uploaded successfully
[1453478502][gears]	Passive mode enabled
[1453478502][upload]	File uploaded successfully
[1453478502][gears]	Passive mode enabled
[1453478502][upload]	File uploaded successfully
[1453478502][gears]	Passive mode enabled
[1453478502][upload]	File uploaded successfully
[1453478502][gears]	Passive mode enabled
[1453478502][upload]	File uploaded successfully
[1453478502][gears]	Passive mode enabled
[1453478502][upload]	File uploaded successfully
[1453478502][gears]	Passive mode enabled
[1453478502][upload]	File uploaded successfully
[1453478503][gears]	Passive mode enabled
[1453478503][upload]	File uploaded successfully
[1453478503][gears]	Passive mode enabled
[1453478503][upload]	File uploaded successfully
[1453478503][gears]	Passive mode enabled
[1453478503][upload]	File uploaded successfully
[1453478503][gears]	Passive mode enabled
[1453478503][upload]	File uploaded successfully
[1453478503][gears]	Passive mode enabled
[1453478503][upload]	File uploaded successfully
[1453478503][gears]	Passive mode enabled
[1453478503][upload]	File uploaded successfully
[1453478503][gears]	Passive mode enabled
[1453478503][upload]	File uploaded successfully
[1453478503][gears]	Passive mode enabled
[1453478504][upload]	File uploaded successfully
[1453478504][gears]	Passive mode enabled
[1453478504][upload]	File uploaded successfully
[1453478504][gears]	Passive mode enabled
[1453478504][upload]	File uploaded successfully
[1453478504][gears]	Passive mode enabled
[1453478504][upload]	File uploaded successfully
[1453478504][gears]	Passive mode enabled
[1453478504][upload]	File uploaded successfully
[1453478504][gears]	Passive mode enabled
[1453478504][upload]	File uploaded successfully
[1453478504][gears]	Passive mode enabled
[1453478504][upload]	File uploaded successfully
[1453478504][gears]	Passive mode enabled
[1453478504][upload]	File uploaded successfully
[1453478505][gears]	Passive mode enabled
[1453478505][upload]	File uploaded successfully
[1453478505][gears]	Passive mode enabled
[1453478505][upload]	File uploaded successfully
[1453478505][gears]	Passive mode enabled
[1453478505][upload]	File uploaded successfully
[1453478505][gears]	Passive mode enabled
[1453478505][upload]	File uploaded successfully
[1453478505][gears]	Passive mode enabled
[1453478505][upload]	File uploaded successfully
[1453478505][gears]	Passive mode enabled
[1453478505][upload]	File uploaded successfully
[1453478505][gears]	Passive mode enabled
[1453478505][upload]	File uploaded successfully
[1453478505][gears]	Passive mode enabled
[1453478505][upload]	File uploaded successfully
[1453478506][gears]	Passive mode enabled
[1453478506][upload]	File uploaded successfully
[1453478506][gears]	Passive mode enabled
[1453478506][upload]	File uploaded successfully
[1453478506][gears]	Passive mode enabled
[1453478506][upload]	File uploaded successfully
[1453478506][gears]	Passive mode enabled
[1453478506][upload]	File uploaded successfully
[1453478506][gears]	Passive mode enabled
[1453478506][upload]	File uploaded successfully
[1453478506][gears]	Passive mode enabled
[1453478506][upload]	File uploaded successfully
[1453478506][gears]	Passive mode enabled
[1453478506][upload]	File uploaded successfully
[1453478506][gears]	Passive mode enabled
[1453478506][upload]	File uploaded successfully
[1453478507][gears]	Passive mode enabled
[1453478507][upload]	File uploaded successfully
[1453478507][gears]	Passive mode enabled
[1453478507][upload]	File uploaded successfully
[1453478507][gears]	Passive mode enabled
[1453478507][upload]	File uploaded successfully
[1453478507][gears]	Passive mode enabled
[1453478507][upload]	File uploaded successfully
[1453478507][gears]	Passive mode enabled
[1453478507][upload]	File uploaded successfully
[1453478507][gears]	Passive mode enabled
[1453478507][upload]	File uploaded successfully
[1453478507][gears]	Passive mode enabled
[1453478507][upload]	File uploaded successfully
[1453478507][gears]	Passive mode enabled
[1453478508][upload]	File uploaded successfully
[1453478508][gears]	Passive mode enabled
[1453478508][upload]	File uploaded successfully
[1453478508][gears]	Passive mode enabled
[1453478508][upload]	File uploaded successfully
[1453478508][gears]	Passive mode enabled
[1453478508][upload]	File uploaded successfully
[1453478508][gears]	Passive mode enabled
[1453478508][upload]	File uploaded successfully
[1453478508][gears]	Passive mode enabled
[1453478508][upload]	File uploaded successfully
[1453478508][gears]	Passive mode enabled
[1453478508][upload]	File uploaded successfully
[1453478508][gears]	Passive mode enabled
[1453478508][upload]	File uploaded successfully
[1453478508][gears]	Passive mode enabled
[1453478509][upload]	File uploaded successfully
[1453478509][gears]	Passive mode enabled
[1453478509][upload]	File uploaded successfully
[1453478509][gears]	Passive mode enabled
[1453478509][upload]	File uploaded successfully
[1453478509][gears]	Passive mode enabled
[1453478509][upload]	File uploaded successfully
[1453478509][gears]	Passive mode enabled
[1453478509][upload]	File uploaded successfully
[1453478509][gears]	Passive mode enabled
[1453478509][upload]	File uploaded successfully
[1453478509][gears]	Passive mode enabled
[1453478509][upload]	File uploaded successfully
[1453478509][gears]	Passive mode enabled
[1453478509][upload]	File uploaded successfully
[1453478509][gears]	Passive mode enabled
[1453478510][upload]	File uploaded successfully
[1453478510][gears]	Passive mode enabled
[1453478510][upload]	File uploaded successfully
[1453478510][gears]	Passive mode enabled
[1453478510][upload]	File uploaded successfully
[1453478510][gears]	Passive mode enabled
[1453478510][upload]	File uploaded successfully
[1453478510][gears]	Passive mode enabled
[1453478510][upload]	File uploaded successfully
[1453478510][gears]	Passive mode enabled
[1453478510][upload]	File uploaded successfully
[1453478510][gears]	Passive mode enabled
[1453478510][upload]	File uploaded successfully
[1453478510][gears]	Passive mode enabled
[1453478510][upload]	File uploaded successfully
[1453478511][gears]	Passive mode enabled
[1453478511][upload]	File uploaded successfully
[1453478511][gears]	Passive mode enabled
[1453478511][upload]	File uploaded successfully
[1453478511][gears]	Passive mode enabled
[1453478511][upload]	File uploaded successfully
[1453478511][gears]	Passive mode enabled
[1453478511][upload]	File uploaded successfully
[1453478511][gears]	Passive mode enabled
[1453478511][upload]	File uploaded successfully
[1453478511][gears]	Passive mode enabled
[1453478511][upload]	File uploaded successfully
[1453478511][gears]	Passive mode enabled
[1453478511][upload]	File uploaded successfully
[1453478511][gears]	Passive mode enabled
[1453478512][upload]	File uploaded successfully
[1453478512][gears]	Passive mode enabled
[1453478512][upload]	File uploaded successfully
[1453478512][gears]	Passive mode enabled
[1453478512][upload]	File uploaded successfully
[1453478512][gears]	Passive mode enabled
[1453478512][upload]	File uploaded successfully
[1453478512][gears]	Passive mode enabled
[1453478512][upload]	File uploaded successfully
[1453478512][gears]	Passive mode enabled
[1453478512][upload]	File uploaded successfully
[1453478512][gears]	Passive mode enabled
[1453478512][upload]	File uploaded successfully
[1453478512][gears]	Passive mode enabled
[1453478512][upload]	File uploaded successfully
[1453478513][gears]	Passive mode enabled
[1453478513][upload]	File uploaded successfully
[1453478513][gears]	Passive mode enabled
[1453478513][upload]	File uploaded successfully
[1453478513][gears]	Passive mode enabled
[1453478513][upload]	File uploaded successfully
[1453478513][gears]	Passive mode enabled
[1453478513][upload]	File uploaded successfully
[1453478513][gears]	Passive mode enabled
[1453478513][upload]	File uploaded successfully
[1453478513][gears]	Passive mode enabled
[1453478513][upload]	File uploaded successfully
[1453478513][gears]	Passive mode enabled
[1453478513][upload]	File uploaded successfully
[1453478513][gears]	Passive mode enabled
[1453478514][upload]	File uploaded successfully
[1453478514][gears]	Passive mode enabled
[1453478514][upload]	File uploaded successfully
[1453478514][gears]	Passive mode enabled
[1453478514][upload]	File uploaded successfully
[1453478514][gears]	Passive mode enabled
[1453478514][upload]	File uploaded successfully
[1453478514][gears]	Passive mode enabled
[1453478514][upload]	File uploaded successfully
[1453478514][gears]	Passive mode enabled
[1453478514][upload]	File uploaded successfully
[1453478514][gears]	Passive mode enabled
[1453478514][upload]	File uploaded successfully
[1453478514][gears]	Passive mode enabled
[1453478514][upload]	File uploaded successfully
[1453478514][gears]	Passive mode enabled
[1453478515][upload]	File uploaded successfully
[1453478515][gears]	Passive mode enabled
[1453478515][upload]	File uploaded successfully
[1453478515][gears]	Passive mode enabled
[1453478515][upload]	File uploaded successfully
[1453478515][gears]	Passive mode enabled
[1453478515][upload]	File uploaded successfully
[1453478515][gears]	Passive mode enabled
[1453478515][upload]	File uploaded successfully
[1453478515][gears]	Passive mode enabled
[1453478515][upload]	File uploaded successfully
[1453478515][gears]	Passive mode enabled
[1453478515][upload]	File uploaded successfully
[1453478515][gears]	Passive mode enabled
[1453478516][upload]	File uploaded successfully
[1453478516][gears]	Passive mode enabled
[1453478516][upload]	File uploaded successfully
[1453478516][gears]	Passive mode enabled
[1453478516][upload]	File uploaded successfully
[1453478516][gears]	Passive mode enabled
[1453478516][upload]	File uploaded successfully
[1453478516][gears]	Passive mode enabled
[1453478516][upload]	File uploaded successfully
[1453478516][gears]	Passive mode enabled
[1453478516][upload]	File uploaded successfully
[1453478516][gears]	Passive mode enabled
[1453478516][gears]	Passive mode enabled
[1453478516][upload]	File uploaded successfully
[1453478516][upload]	File uploaded successfully
[1453478516][gears]	Passive mode enabled
[1453478516][gears]	Passive mode enabled
[1453478516][upload]	File uploaded successfully
[1453478516][gears]	Passive mode enabled
[1453478517][upload]	File uploaded successfully
[1453478517][gears]	Passive mode enabled
[1453478517][upload]	File uploaded successfully
[1453478517][gears]	Passive mode enabled
[1453478517][upload]	File uploaded successfully
[1453478517][gears]	Passive mode enabled
[1453478517][upload]	File uploaded successfully
[1453478517][gears]	Passive mode enabled
[1453478517][upload]	File uploaded successfully
[1453478517][gears]	Passive mode enabled
[1453478517][upload]	File uploaded successfully
[1453478517][gears]	Passive mode enabled
[1453478517][upload]	File uploaded successfully
[1453478517][gears]	Passive mode enabled
[1453478517][upload]	File uploaded successfully
[1453478517][gears]	Passive mode enabled
[1453478517][upload]	File uploaded successfully
[1453478517][gears]	Passive mode enabled
[1453478517][upload]	File uploaded successfully
[1453478517][upload]	File uploaded successfully
[1453478517][gears]	Passive mode enabled
[1453478517][gears]	Passive mode enabled
[1453478517][upload]	File uploaded successfully
[1453478517][upload]	File uploaded successfully
[1453478517][gears]	Passive mode enabled
[1453478517][gears]	Passive mode enabled
[1453478517][upload]	File uploaded successfully
[1453478517][upload]	File uploaded successfully
[1453478517][gears]	Passive mode enabled
[1453478517][gears]	Passive mode enabled
[1453478518][upload]	File uploaded successfully
[1453478518][upload]	File uploaded successfully
[1453478518][gears]	Passive mode enabled
[1453478518][gears]	Passive mode enabled
[1453478518][upload]	File uploaded successfully
[1453478518][upload]	File uploaded successfully
[1453478518][gears]	Passive mode enabled
[1453478518][gears]	Passive mode enabled
[1453478518][upload]	File uploaded successfully
[1453478518][upload]	File uploaded successfully
[1453478518][gears]	Passive mode enabled
[1453478518][gears]	Passive mode enabled
[1453478518][upload]	File uploaded successfully
[1453478518][upload]	File uploaded successfully
[1453478518][gears]	Passive mode enabled
[1453478518][gears]	Passive mode enabled
[1453478518][upload]	File uploaded successfully
[1453478518][upload]	File uploaded successfully
[1453478518][gears]	Passive mode enabled
[1453478518][gears]	Passive mode enabled
[1453478518][upload]	File uploaded successfully
[1453478518][upload]	File uploaded successfully
[1453478518][gears]	Passive mode enabled
[1453478518][gears]	Passive mode enabled
[1453478518][upload]	File uploaded successfully
[1453478518][upload]	File uploaded successfully
[1453478518][gears]	Passive mode enabled
[1453478518][gears]	Passive mode enabled
[1453478518][upload]	File uploaded successfully
[1453478518][upload]	File uploaded successfully
[1453478519][gears]	Passive mode enabled
[1453478519][gears]	Passive mode enabled
[1453478519][upload]	File uploaded successfully
[1453478519][upload]	File uploaded successfully
[1453478519][gears]	Passive mode enabled
[1453478519][gears]	Passive mode enabled
[1453478519][upload]	File uploaded successfully
[1453478519][upload]	File uploaded successfully
[1453478519][gears]	Passive mode enabled
[1453478519][gears]	Passive mode enabled
[1453478519][upload]	File uploaded successfully
[1453478519][upload]	File uploaded successfully
[1453478519][gears]	Passive mode enabled
[1453478519][gears]	Passive mode enabled
[1453478519][upload]	File uploaded successfully
[1453478519][gears]	Passive mode enabled
[1453478519][upload]	File uploaded successfully
[1453478519][gears]	Passive mode enabled
[1453478519][upload]	File uploaded successfully
[1453478519][upload]	File uploaded successfully
[1453478519][gears]	Passive mode enabled
[1453478519][gears]	Passive mode enabled
[1453478519][upload]	File uploaded successfully
[1453478519][upload]	File uploaded successfully
[1453478519][gears]	Passive mode enabled
[1453478519][gears]	Passive mode enabled
[1453478519][upload]	File uploaded successfully
[1453478519][gears]	Passive mode enabled
[1453478519][upload]	File uploaded successfully
[1453478519][gears]	Passive mode enabled
[1453478520][upload]	File uploaded successfully
[1453478520][gears]	Passive mode enabled
[1453478520][upload]	File uploaded successfully
[1453478520][gears]	Passive mode enabled
[1453478520][upload]	File uploaded successfully
[1453478520][gears]	Passive mode enabled
[1453478520][upload]	File uploaded successfully
[1453478520][gears]	Passive mode enabled
[1453478520][upload]	File uploaded successfully
[1453478520][gears]	Passive mode enabled
[1453478520][upload]	File uploaded successfully
[1453478520][gears]	Passive mode enabled
[1453478520][upload]	File uploaded successfully
[1453478520][gears]	Passive mode enabled
[1453478520][upload]	File uploaded successfully
[1453478520][gears]	Passive mode enabled
[1453478520][upload]	File uploaded successfully
[1453478520][gears]	Passive mode enabled
[1453478520][upload]	File uploaded successfully
[1453478520][gears]	Passive mode enabled
[1453478520][upload]	File uploaded successfully
[1453478520][gears]	Passive mode enabled
[1453478520][upload]	File uploaded successfully
[1453478520][gears]	Passive mode enabled
[1453478520][upload]	File uploaded successfully
[1453478520][upload]	File uploaded successfully
[1453478520][gears]	Passive mode enabled
[1453478520][gears]	Passive mode enabled
[1453478520][upload]	File uploaded successfully
[1453478521][upload]	File uploaded successfully
[1453478521][gears]	Passive mode enabled
[1453478521][gears]	Passive mode enabled
[1453478521][upload]	File uploaded successfully
[1453478521][gears]	Passive mode enabled
[1453478521][upload]	File uploaded successfully
[1453478521][gears]	Passive mode enabled
[1453478521][upload]	File uploaded successfully
[1453478521][upload]	File uploaded successfully
[1453478521][gears]	Passive mode enabled
[1453478521][gears]	Passive mode enabled
[1453478521][upload]	File uploaded successfully
[1453478521][upload]	File uploaded successfully
[1453478521][gears]	Passive mode enabled
[1453478521][gears]	Passive mode enabled
[1453478521][upload]	File uploaded successfully
[1453478521][upload]	File uploaded successfully
[1453478521][gears]	Passive mode enabled
[1453478521][gears]	Passive mode enabled
[1453478521][upload]	File uploaded successfully
[1453478521][gears]	Passive mode enabled
[1453478521][upload]	File uploaded successfully
[1453478521][gears]	Passive mode enabled
[1453478521][upload]	File uploaded successfully
[1453478521][upload]	File uploaded successfully
[1453478521][gears]	Passive mode enabled
[1453478521][gears]	Passive mode enabled
[1453478521][upload]	File uploaded successfully
[1453478521][gears]	Passive mode enabled
[1453478521][upload]	File uploaded successfully
[1453478521][gears]	Passive mode enabled
[1453478522][upload]	File uploaded successfully
[1453478522][upload]	File uploaded successfully
[1453478522][gears]	Passive mode enabled
[1453478522][gears]	Passive mode enabled
[1453478522][upload]	File uploaded successfully
[1453478522][upload]	File uploaded successfully
[1453478522][gears]	Passive mode enabled
[1453478522][gears]	Passive mode enabled
[1453478522][upload]	File uploaded successfully
[1453478522][upload]	File uploaded successfully
[1453478522][gears]	Passive mode enabled
[1453478522][gears]	Passive mode enabled
[1453478522][upload]	File uploaded successfully
[1453478522][upload]	File uploaded successfully
[1453478522][gears]	Passive mode enabled
[1453478522][gears]	Passive mode enabled
[1453478522][upload]	File uploaded successfully
[1453478522][upload]	File uploaded successfully
[1453478522][gears]	Passive mode enabled
[1453478522][gears]	Passive mode enabled
[1453478522][upload]	File uploaded successfully
[1453478522][upload]	File uploaded successfully
[1453478522][gears]	Passive mode enabled
[1453478522][gears]	Passive mode enabled
[1453478522][upload]	File uploaded successfully
[1453478522][upload]	File uploaded successfully
[1453478522][gears]	Passive mode enabled
[1453478522][gears]	Passive mode enabled
[1453478522][upload]	File uploaded successfully
[1453478522][upload]	File uploaded successfully
[1453478522][gears]	Passive mode enabled
[1453478523][gears]	Passive mode enabled
[1453478523][upload]	File uploaded successfully
[1453478523][upload]	File uploaded successfully
[1453478523][gears]	Passive mode enabled
[1453478523][gears]	Passive mode enabled
[1453478523][upload]	File uploaded successfully
[1453478523][gears]	Passive mode enabled
[1453478523][upload]	File uploaded successfully
[1453478523][gears]	Passive mode enabled
[1453478523][upload]	File uploaded successfully
[1453478523][upload]	File uploaded successfully
[1453478523][gears]	Passive mode enabled
[1453478523][gears]	Passive mode enabled
[1453478523][upload]	File uploaded successfully
[1453478523][upload]	File uploaded successfully
[1453478523][gears]	Passive mode enabled
[1453478523][gears]	Passive mode enabled
[1453478523][upload]	File uploaded successfully
[1453478523][upload]	File uploaded successfully
[1453478523][gears]	Passive mode enabled
[1453478523][gears]	Passive mode enabled
[1453478523][upload]	File uploaded successfully
[1453478523][upload]	File uploaded successfully
[1453478523][gears]	Passive mode enabled
[1453478523][gears]	Passive mode enabled
[1453478523][upload]	File uploaded successfully
[1453478523][upload]	File uploaded successfully
[1453478523][gears]	Passive mode enabled
[1453478523][gears]	Passive mode enabled
[1453478524][upload]	File uploaded successfully
[1453478524][upload]	File uploaded successfully
[1453478524][gears]	Passive mode enabled
[1453478524][gears]	Passive mode enabled
[1453478524][upload]	File uploaded successfully
[1453478524][upload]	File uploaded successfully
[1453478524][gears]	Passive mode enabled
[1453478524][gears]	Passive mode enabled
[1453478524][upload]	File uploaded successfully
[1453478524][upload]	File uploaded successfully
[1453478524][gears]	Passive mode enabled
[1453478524][gears]	Passive mode enabled
[1453478524][upload]	File uploaded successfully
[1453478524][upload]	File uploaded successfully
[1453478524][gears]	Passive mode enabled
[1453478524][gears]	Passive mode enabled
[1453478524][upload]	File uploaded successfully
[1453478524][upload]	File uploaded successfully
[1453478524][gears]	Passive mode enabled
[1453478524][gears]	Passive mode enabled
[1453478524][upload]	File uploaded successfully
[1453478524][upload]	File uploaded successfully
[1453478524][gears]	Passive mode enabled
[1453478524][gears]	Passive mode enabled
[1453478524][upload]	File uploaded successfully
[1453478524][upload]	File uploaded successfully
[1453478524][gears]	Passive mode enabled
[1453478524][gears]	Passive mode enabled
[1453478525][upload]	File uploaded successfully
[1453478525][upload]	File uploaded successfully
[1453478525][gears]	Passive mode enabled
[1453478525][gears]	Passive mode enabled
[1453478525][upload]	File uploaded successfully
[1453478525][upload]	File uploaded successfully
[1453478525][gears]	Passive mode enabled
[1453478525][gears]	Passive mode enabled
[1453478525][upload]	File uploaded successfully
[1453478525][upload]	File uploaded successfully
[1453478525][gears]	Passive mode enabled
[1453478525][upload]	File uploaded successfully
[1453478525][folder]	Directory "AppleWebKit" created successfully !
[1453478525][folder]	Directory "Chrome" created successfully !
[1453478525][folder]	Directory "Command-" created successfully !
[1453478525][folder]	Directory "Command-Shift-" created successfully !
[1453478526][folder]	Directory "Ctrl-" created successfully !
[1453478526][folder]	Directory "Ctrl-Shift-" created successfully !
[1453478526][folder]	Directory "Opera" created successfully !
[1453478526][folder]	Directory "WebKit" created successfully !
[1453478527][folder]	Directory "ace" created successfully !
[1453478527][folder]	Directory "adobeair" created successfully !
[1453478527][folder]	Directory "applewebkit" created successfully !
[1453478527][folder]	Directory "assets" created successfully !
[1453478586][folder]	Directory "chrome" created successfully !
[1453478586][folder]	Directory "ckeditor" created successfully !
[1453478587][folder]	Directory "dropzone" created successfully !
[1453478587][folder]	Directory "hpwos" created successfully !
[1453478587][folder]	Directory "overlay" created successfully !
[1453478588][folder]	Directory "plugins" created successfully !
[1453478588][folder]	Directory "starters" created successfully !
[1453478593][folder]	Directory "trident" created successfully !
[1453478593][folder]	Directory "zlib" created successfully !
[1453478593][gears]	Passive mode enabled
[1453478593][files-o]	Directory listed
[1453478653][sign-out]	Successfully disconnected
[1453478795][gears]	Passive mode enabled
[1453478795][download]	File downloaded successfully
[1453478855][sign-out]	Successfully disconnected
[1453478962][gears]	Passive mode enabled
[1453478962][upload]	File uploaded successfully
[1453478962][gears]	Passive mode enabled
[1453478962][files-o]	Directory listed
[1453479022][sign-out]	Successfully disconnected
[1453974000][gears]	Passive mode enabled
[1453974000][gears]	Passive mode enabled
[1453974000][upload]	File uploaded successfully
[1453974000][upload]	File uploaded successfully
[1453974000][gears]	Passive mode enabled
[1453974000][gears]	Passive mode enabled
[1453974000][upload]	File uploaded successfully
[1453974000][upload]	File uploaded successfully
[1453974000][gears]	Passive mode enabled
[1453974000][upload]	File uploaded successfully
[1453974000][gears]	Passive mode enabled
[1453974000][upload]	File uploaded successfully
[1453974000][gears]	Passive mode enabled
[1453974000][gears]	Passive mode enabled
[1453974000][upload]	File uploaded successfully
[1453974000][gears]	Passive mode enabled
[1453974000][upload]	File uploaded successfully
[1453974000][gears]	Passive mode enabled
[1453974000][upload]	File uploaded successfully
[1453974000][gears]	Passive mode enabled
[1453974000][upload]	File uploaded successfully
[1453974000][gears]	Passive mode enabled
[1453974000][upload]	File uploaded successfully
[1453974000][upload]	File uploaded successfully
[1453974000][gears]	Passive mode enabled
[1453974000][gears]	Passive mode enabled
[1453974000][upload]	File uploaded successfully
[1453974000][upload]	File uploaded successfully
[1453974000][gears]	Passive mode enabled
[1453974000][gears]	Passive mode enabled
[1453974000][upload]	File uploaded successfully
[1453974001][upload]	File uploaded successfully
[1453974001][gears]	Passive mode enabled
[1453974001][gears]	Passive mode enabled
[1453974001][upload]	File uploaded successfully
[1453974001][upload]	File uploaded successfully
[1453974001][gears]	Passive mode enabled
[1453974001][gears]	Passive mode enabled
[1453974001][upload]	File uploaded successfully
[1453974001][gears]	Passive mode enabled
[1453974001][upload]	File uploaded successfully
[1453974001][gears]	Passive mode enabled
[1453974001][upload]	File uploaded successfully
[1453974001][upload]	File uploaded successfully
[1453974001][gears]	Passive mode enabled
[1453974001][gears]	Passive mode enabled
[1453974001][upload]	File uploaded successfully
[1453974001][upload]	File uploaded successfully
[1453974001][gears]	Passive mode enabled
[1453974001][gears]	Passive mode enabled
[1453974001][upload]	File uploaded successfully
[1453974001][upload]	File uploaded successfully
[1453974001][gears]	Passive mode enabled
[1453974001][gears]	Passive mode enabled
[1453974001][upload]	File uploaded successfully
[1453974001][gears]	Passive mode enabled
[1453974001][upload]	File uploaded successfully
[1453974001][gears]	Passive mode enabled
[1453974001][upload]	File uploaded successfully
[1453974002][gears]	Passive mode enabled
[1453974002][upload]	File uploaded successfully
[1453974002][gears]	Passive mode enabled
[1453974002][upload]	File uploaded successfully
[1453974002][gears]	Passive mode enabled
[1453974002][upload]	File uploaded successfully
[1453974002][gears]	Passive mode enabled
[1453974002][upload]	File uploaded successfully
[1453974002][upload]	File uploaded successfully
[1453974002][gears]	Passive mode enabled
[1453974002][gears]	Passive mode enabled
[1453974002][upload]	File uploaded successfully
[1453974002][gears]	Passive mode enabled
[1453974002][upload]	File uploaded successfully
[1453974002][gears]	Passive mode enabled
[1453974002][upload]	File uploaded successfully
[1453974002][gears]	Passive mode enabled
[1453974002][upload]	File uploaded successfully
[1453974002][gears]	Passive mode enabled
[1453974002][upload]	File uploaded successfully
[1453974002][upload]	File uploaded successfully
[1453974002][gears]	Passive mode enabled
[1453974002][gears]	Passive mode enabled
[1453974002][upload]	File uploaded successfully
[1453974002][upload]	File uploaded successfully
[1453974002][gears]	Passive mode enabled
[1453974002][gears]	Passive mode enabled
[1453974002][upload]	File uploaded successfully
[1453974003][upload]	File uploaded successfully
[1453974003][gears]	Passive mode enabled
[1453974003][gears]	Passive mode enabled
[1453974003][upload]	File uploaded successfully
[1453974003][upload]	File uploaded successfully
[1453974003][gears]	Passive mode enabled
[1453974003][gears]	Passive mode enabled
[1453974003][upload]	File uploaded successfully
[1453974003][upload]	File uploaded successfully
[1453974003][gears]	Passive mode enabled
[1453974003][gears]	Passive mode enabled
[1453974003][upload]	File uploaded successfully
[1453974003][upload]	File uploaded successfully
[1453974003][gears]	Passive mode enabled
[1453974003][gears]	Passive mode enabled
[1453974003][upload]	File uploaded successfully
[1453974003][upload]	File uploaded successfully
[1453974003][gears]	Passive mode enabled
[1453974003][gears]	Passive mode enabled
[1453974003][upload]	File uploaded successfully
[1453974003][upload]	File uploaded successfully
[1453974003][gears]	Passive mode enabled
[1453974003][gears]	Passive mode enabled
[1453974003][upload]	File uploaded successfully
[1453974003][upload]	File uploaded successfully
[1453974003][gears]	Passive mode enabled
[1453974003][gears]	Passive mode enabled
[1453974003][upload]	File uploaded successfully
[1453974003][upload]	File uploaded successfully
[1453974003][gears]	Passive mode enabled
[1453974003][gears]	Passive mode enabled
[1453974004][upload]	File uploaded successfully
[1453974004][upload]	File uploaded successfully
[1453974004][gears]	Passive mode enabled
[1453974004][gears]	Passive mode enabled
[1453974004][upload]	File uploaded successfully
[1453974004][upload]	File uploaded successfully
[1453974004][gears]	Passive mode enabled
[1453974004][gears]	Passive mode enabled
[1453974004][upload]	File uploaded successfully
[1453974004][upload]	File uploaded successfully
[1453974004][gears]	Passive mode enabled
[1453974004][gears]	Passive mode enabled
[1453974004][upload]	File uploaded successfully
[1453974004][upload]	File uploaded successfully
[1453974004][gears]	Passive mode enabled
[1453974004][gears]	Passive mode enabled
[1453974004][upload]	File uploaded successfully
[1453974004][upload]	File uploaded successfully
[1453974004][gears]	Passive mode enabled
[1453974004][gears]	Passive mode enabled
[1453974004][upload]	File uploaded successfully
[1453974004][upload]	File uploaded successfully
[1453974004][gears]	Passive mode enabled
[1453974004][gears]	Passive mode enabled
[1453974004][upload]	File uploaded successfully
[1453974004][upload]	File uploaded successfully
[1453974004][gears]	Passive mode enabled
[1453974005][gears]	Passive mode enabled
[1453974005][upload]	File uploaded successfully
[1453974005][upload]	File uploaded successfully
[1453974005][gears]	Passive mode enabled
[1453974005][gears]	Passive mode enabled
[1453974005][upload]	File uploaded successfully
[1453974005][gears]	Passive mode enabled
[1453974005][upload]	File uploaded successfully
[1453974005][gears]	Passive mode enabled
[1453974005][upload]	File uploaded successfully
[1453974005][upload]	File uploaded successfully
[1453974005][gears]	Passive mode enabled
[1453974005][gears]	Passive mode enabled
[1453974005][upload]	File uploaded successfully
[1453974005][upload]	File uploaded successfully
[1453974005][gears]	Passive mode enabled
[1453974005][gears]	Passive mode enabled
[1453974005][upload]	File uploaded successfully
[1453974005][upload]	File uploaded successfully
[1453974005][gears]	Passive mode enabled
[1453974005][gears]	Passive mode enabled
[1453974005][upload]	File uploaded successfully
[1453974005][upload]	File uploaded successfully
[1453974005][gears]	Passive mode enabled
[1453974005][gears]	Passive mode enabled
[1453974005][upload]	File uploaded successfully
[1453974005][gears]	Passive mode enabled
[1453974005][upload]	File uploaded successfully
[1453974005][gears]	Passive mode enabled
[1453974006][upload]	File uploaded successfully
[1453974006][gears]	Passive mode enabled
[1453974006][upload]	File uploaded successfully
[1453974006][gears]	Passive mode enabled
[1453974006][upload]	File uploaded successfully
[1453974006][upload]	File uploaded successfully
[1453974006][gears]	Passive mode enabled
[1453974006][gears]	Passive mode enabled
[1453974006][upload]	File uploaded successfully
[1453974006][upload]	File uploaded successfully
[1453974006][gears]	Passive mode enabled
[1453974006][gears]	Passive mode enabled
[1453974006][upload]	File uploaded successfully
[1453974006][upload]	File uploaded successfully
[1453974006][gears]	Passive mode enabled
[1453974006][gears]	Passive mode enabled
[1453974006][upload]	File uploaded successfully
[1453974006][upload]	File uploaded successfully
[1453974006][gears]	Passive mode enabled
[1453974006][gears]	Passive mode enabled
[1453974006][upload]	File uploaded successfully
[1453974006][upload]	File uploaded successfully
[1453974006][gears]	Passive mode enabled
[1453974006][gears]	Passive mode enabled
[1453974006][upload]	File uploaded successfully
[1453974006][upload]	File uploaded successfully
[1453974006][gears]	Passive mode enabled
[1453974006][gears]	Passive mode enabled
[1453974007][upload]	File uploaded successfully
[1453974007][upload]	File uploaded successfully
[1453974007][gears]	Passive mode enabled
[1453974007][gears]	Passive mode enabled
[1453974007][upload]	File uploaded successfully
[1453974007][gears]	Passive mode enabled
[1453974007][upload]	File uploaded successfully
[1453974007][gears]	Passive mode enabled
[1453974007][upload]	File uploaded successfully
[1453974007][gears]	Passive mode enabled
[1453974007][upload]	File uploaded successfully
[1453974007][gears]	Passive mode enabled
[1453974007][upload]	File uploaded successfully
[1453974007][gears]	Passive mode enabled
[1453974007][upload]	File uploaded successfully
[1453974007][gears]	Passive mode enabled
[1453974007][upload]	File uploaded successfully
[1453974007][gears]	Passive mode enabled
[1453974007][upload]	File uploaded successfully
[1453974007][gears]	Passive mode enabled
[1453974007][upload]	File uploaded successfully
[1453974007][gears]	Passive mode enabled
[1453974007][upload]	File uploaded successfully
[1453974007][gears]	Passive mode enabled
[1453974007][upload]	File uploaded successfully
[1453974007][gears]	Passive mode enabled
[1453974007][upload]	File uploaded successfully
[1453974007][gears]	Passive mode enabled
[1453974007][upload]	File uploaded successfully
[1453974007][gears]	Passive mode enabled
[1453974007][upload]	File uploaded successfully
[1453974008][gears]	Passive mode enabled
[1453974008][upload]	File uploaded successfully
[1453974008][gears]	Passive mode enabled
[1453974008][upload]	File uploaded successfully
[1453974008][gears]	Passive mode enabled
[1453974008][upload]	File uploaded successfully
[1453974008][upload]	File uploaded successfully
[1453974008][gears]	Passive mode enabled
[1453974008][upload]	File uploaded successfully
[1453974008][gears]	Passive mode enabled
[1453974008][upload]	File uploaded successfully
[1453974008][gears]	Passive mode enabled
[1453974008][upload]	File uploaded successfully
[1453974008][gears]	Passive mode enabled
[1453974008][upload]	File uploaded successfully
[1453974008][gears]	Passive mode enabled
[1453974008][gears]	Passive mode enabled
[1453974008][upload]	File uploaded successfully
[1453974008][upload]	File uploaded successfully
[1453974008][gears]	Passive mode enabled
[1453974008][gears]	Passive mode enabled
[1453974008][upload]	File uploaded successfully
[1453974008][upload]	File uploaded successfully
[1453974008][gears]	Passive mode enabled
[1453974008][gears]	Passive mode enabled
[1453974008][upload]	File uploaded successfully
[1453974008][gears]	Passive mode enabled
[1453974008][upload]	File uploaded successfully
[1453974008][upload]	File uploaded successfully
[1453974008][gears]	Passive mode enabled
[1453974008][upload]	File uploaded successfully
[1453974008][gears]	Passive mode enabled
[1453974009][upload]	File uploaded successfully
[1453974009][gears]	Passive mode enabled
[1453974009][upload]	File uploaded successfully
[1453974009][gears]	Passive mode enabled
[1453974009][gears]	Passive mode enabled
[1453974009][upload]	File uploaded successfully
[1453974009][upload]	File uploaded successfully
[1453974009][gears]	Passive mode enabled
[1453974009][upload]	File uploaded successfully
[1453974009][gears]	Passive mode enabled
[1453974009][upload]	File uploaded successfully
[1453974009][gears]	Passive mode enabled
[1453974009][gears]	Passive mode enabled
[1453974009][upload]	File uploaded successfully
[1453974009][upload]	File uploaded successfully
[1453974009][gears]	Passive mode enabled
[1453974009][gears]	Passive mode enabled
[1453974009][upload]	File uploaded successfully
[1453974009][gears]	Passive mode enabled
[1453974009][upload]	File uploaded successfully
[1453974009][gears]	Passive mode enabled
[1453974009][upload]	File uploaded successfully
[1453974009][gears]	Passive mode enabled
[1453974009][upload]	File uploaded successfully
[1453974009][gears]	Passive mode enabled
[1453974009][upload]	File uploaded successfully
[1453974009][upload]	File uploaded successfully
[1453974009][gears]	Passive mode enabled
[1453974009][upload]	File uploaded successfully
[1453974009][gears]	Passive mode enabled
[1453974010][gears]	Passive mode enabled
[1453974010][upload]	File uploaded successfully
[1453974010][gears]	Passive mode enabled
[1453974010][upload]	File uploaded successfully
[1453974010][gears]	Passive mode enabled
[1453974010][upload]	File uploaded successfully
[1453974010][gears]	Passive mode enabled
[1453974010][upload]	File uploaded successfully
[1453974010][gears]	Passive mode enabled
[1453974010][upload]	File uploaded successfully
[1453974010][gears]	Passive mode enabled
[1453974010][upload]	File uploaded successfully
[1453974010][gears]	Passive mode enabled
[1453974010][upload]	File uploaded successfully
[1453974010][gears]	Passive mode enabled
[1453974010][upload]	File uploaded successfully
[1453974010][gears]	Passive mode enabled
[1453974010][upload]	File uploaded successfully
[1453974010][gears]	Passive mode enabled
[1453974010][upload]	File uploaded successfully
[1453974010][gears]	Passive mode enabled
[1453974010][upload]	File uploaded successfully
[1453974010][gears]	Passive mode enabled
[1453974010][upload]	File uploaded successfully
[1453974010][gears]	Passive mode enabled
[1453974010][upload]	File uploaded successfully
[1453974010][gears]	Passive mode enabled
[1453974010][upload]	File uploaded successfully
[1453974010][gears]	Passive mode enabled
[1453974010][upload]	File uploaded successfully
[1453974010][gears]	Passive mode enabled
[1453974011][upload]	File uploaded successfully
[1453974011][gears]	Passive mode enabled
[1453974011][upload]	File uploaded successfully
[1453974011][gears]	Passive mode enabled
[1453974011][upload]	File uploaded successfully
[1453974011][gears]	Passive mode enabled
[1453974011][upload]	File uploaded successfully
[1453974011][gears]	Passive mode enabled
[1453974011][upload]	File uploaded successfully
[1453974011][gears]	Passive mode enabled
[1453974011][upload]	File uploaded successfully
[1453974011][upload]	File uploaded successfully
[1453974011][gears]	Passive mode enabled
[1453974011][gears]	Passive mode enabled
[1453974011][upload]	File uploaded successfully
[1453974011][gears]	Passive mode enabled
[1453974011][upload]	File uploaded successfully
[1453974011][gears]	Passive mode enabled
[1453974011][upload]	File uploaded successfully
[1453974011][gears]	Passive mode enabled
[1453974011][upload]	File uploaded successfully
[1453974011][gears]	Passive mode enabled
[1453974011][upload]	File uploaded successfully
[1453974011][gears]	Passive mode enabled
[1453974011][upload]	File uploaded successfully
[1453974011][gears]	Passive mode enabled
[1453974011][upload]	File uploaded successfully
[1453974011][gears]	Passive mode enabled
[1453974011][upload]	File uploaded successfully
[1453974011][gears]	Passive mode enabled
[1453974011][upload]	File uploaded successfully
[1453974012][gears]	Passive mode enabled
[1453974012][upload]	File uploaded successfully
[1453974012][gears]	Passive mode enabled
[1453974012][upload]	File uploaded successfully
[1453974012][gears]	Passive mode enabled
[1453974012][upload]	File uploaded successfully
[1453974012][gears]	Passive mode enabled
[1453974012][upload]	File uploaded successfully
[1453974012][gears]	Passive mode enabled
[1453974012][upload]	File uploaded successfully
[1453974012][upload]	File uploaded successfully
[1453974012][gears]	Passive mode enabled
[1453974012][gears]	Passive mode enabled
[1453974012][upload]	File uploaded successfully
[1453974012][gears]	Passive mode enabled
[1453974012][upload]	File uploaded successfully
[1453974012][upload]	File uploaded successfully
[1453974012][gears]	Passive mode enabled
[1453974012][gears]	Passive mode enabled
[1453974012][upload]	File uploaded successfully
[1453974012][gears]	Passive mode enabled
[1453974012][upload]	File uploaded successfully
[1453974012][upload]	File uploaded successfully
[1453974012][gears]	Passive mode enabled
[1453974012][gears]	Passive mode enabled
[1453974012][upload]	File uploaded successfully
[1453974012][gears]	Passive mode enabled
[1453974012][upload]	File uploaded successfully
[1453974012][gears]	Passive mode enabled
[1453974012][upload]	File uploaded successfully
[1453974012][gears]	Passive mode enabled
[1453974013][upload]	File uploaded successfully
[1453974013][gears]	Passive mode enabled
[1453974013][upload]	File uploaded successfully
[1453974013][gears]	Passive mode enabled
[1453974013][upload]	File uploaded successfully
[1453974013][gears]	Passive mode enabled
[1453974013][upload]	File uploaded successfully
[1453974013][gears]	Passive mode enabled
[1453974013][upload]	File uploaded successfully
[1453974013][gears]	Passive mode enabled
[1453974013][upload]	File uploaded successfully
[1453974013][gears]	Passive mode enabled
[1453974013][upload]	File uploaded successfully
[1453974013][gears]	Passive mode enabled
[1453974013][upload]	File uploaded successfully
[1453974013][gears]	Passive mode enabled
[1453974013][upload]	File uploaded successfully
[1453974013][gears]	Passive mode enabled
[1453974013][upload]	File uploaded successfully
[1453974013][gears]	Passive mode enabled
[1453974013][upload]	File uploaded successfully
[1453974013][gears]	Passive mode enabled
[1453974013][upload]	File uploaded successfully
[1453974013][gears]	Passive mode enabled
[1453974013][upload]	File uploaded successfully
[1453974013][gears]	Passive mode enabled
[1453974013][upload]	File uploaded successfully
[1453974013][gears]	Passive mode enabled
[1453974013][upload]	File uploaded successfully
[1453974013][gears]	Passive mode enabled
[1453974014][upload]	File uploaded successfully
[1453974014][gears]	Passive mode enabled
[1453974014][upload]	File uploaded successfully
[1453974014][gears]	Passive mode enabled
[1453974014][upload]	File uploaded successfully
[1453974014][gears]	Passive mode enabled
[1453974014][upload]	File uploaded successfully
[1453974014][gears]	Passive mode enabled
[1453974014][upload]	File uploaded successfully
[1453974014][gears]	Passive mode enabled
[1453974014][upload]	File uploaded successfully
[1453974014][gears]	Passive mode enabled
[1453974014][upload]	File uploaded successfully
[1453974014][upload]	File uploaded successfully
[1453974014][gears]	Passive mode enabled
[1453974014][upload]	File uploaded successfully
[1453974014][gears]	Passive mode enabled
[1453974014][upload]	File uploaded successfully
[1453974014][gears]	Passive mode enabled
[1453974014][gears]	Passive mode enabled
[1453974014][upload]	File uploaded successfully
[1453974014][upload]	File uploaded successfully
[1453974014][gears]	Passive mode enabled
[1453974014][upload]	File uploaded successfully
[1453974014][gears]	Passive mode enabled
[1453974014][upload]	File uploaded successfully
[1453974014][gears]	Passive mode enabled
[1453974014][upload]	File uploaded successfully
[1453974014][gears]	Passive mode enabled
[1453974014][upload]	File uploaded successfully
[1453974014][gears]	Passive mode enabled
[1453974015][gears]	Passive mode enabled
[1453974015][upload]	File uploaded successfully
[1453974015][upload]	File uploaded successfully
[1453974015][gears]	Passive mode enabled
[1453974015][gears]	Passive mode enabled
[1453974015][upload]	File uploaded successfully
[1453974015][gears]	Passive mode enabled
[1453974015][upload]	File uploaded successfully
[1453974015][gears]	Passive mode enabled
[1453974015][upload]	File uploaded successfully
[1453974015][gears]	Passive mode enabled
[1453974015][upload]	File uploaded successfully
[1453974015][gears]	Passive mode enabled
[1453974015][upload]	File uploaded successfully
[1453974015][gears]	Passive mode enabled
[1453974015][upload]	File uploaded successfully
[1453974015][gears]	Passive mode enabled
[1453974015][upload]	File uploaded successfully
[1453974015][gears]	Passive mode enabled
[1453974015][upload]	File uploaded successfully
[1453974015][gears]	Passive mode enabled
[1453974015][upload]	File uploaded successfully
[1453974015][gears]	Passive mode enabled
[1453974015][upload]	File uploaded successfully
[1453974015][gears]	Passive mode enabled
[1453974015][upload]	File uploaded successfully
[1453974015][gears]	Passive mode enabled
[1453974015][upload]	File uploaded successfully
[1453974015][gears]	Passive mode enabled
[1453974015][upload]	File uploaded successfully
[1453974016][gears]	Passive mode enabled
[1453974016][upload]	File uploaded successfully
[1453974016][gears]	Passive mode enabled
[1453974016][upload]	File uploaded successfully
[1453974016][gears]	Passive mode enabled
[1453974016][upload]	File uploaded successfully
[1453974016][gears]	Passive mode enabled
[1453974016][upload]	File uploaded successfully
[1453974016][gears]	Passive mode enabled
[1453974016][upload]	File uploaded successfully
[1453974016][gears]	Passive mode enabled
[1453974016][upload]	File uploaded successfully
[1453974016][gears]	Passive mode enabled
[1453974016][upload]	File uploaded successfully
[1453974016][gears]	Passive mode enabled
[1453974016][upload]	File uploaded successfully
[1453974016][gears]	Passive mode enabled
[1453974016][upload]	File uploaded successfully
[1453974016][gears]	Passive mode enabled
[1453974016][upload]	File uploaded successfully
[1453974016][gears]	Passive mode enabled
[1453974016][upload]	File uploaded successfully
[1453974016][gears]	Passive mode enabled
[1453974016][upload]	File uploaded successfully
[1453974016][gears]	Passive mode enabled
[1453974016][upload]	File uploaded successfully
[1453974016][gears]	Passive mode enabled
[1453974016][upload]	File uploaded successfully
[1453974016][upload]	File uploaded successfully
[1453974016][gears]	Passive mode enabled
[1453974016][gears]	Passive mode enabled
[1453974017][upload]	File uploaded successfully
[1453974017][upload]	File uploaded successfully
[1453974017][gears]	Passive mode enabled
[1453974017][gears]	Passive mode enabled
[1453974017][upload]	File uploaded successfully
[1453974017][upload]	File uploaded successfully
[1453974017][gears]	Passive mode enabled
[1453974017][gears]	Passive mode enabled
[1453974017][upload]	File uploaded successfully
[1453974017][upload]	File uploaded successfully
[1453974017][gears]	Passive mode enabled
[1453974017][gears]	Passive mode enabled
[1453974017][upload]	File uploaded successfully
[1453974017][upload]	File uploaded successfully
[1453974017][gears]	Passive mode enabled
[1453974017][gears]	Passive mode enabled
[1453974017][upload]	File uploaded successfully
[1453974017][upload]	File uploaded successfully
[1453974017][gears]	Passive mode enabled
[1453974017][gears]	Passive mode enabled
[1453974017][upload]	File uploaded successfully
[1453974017][upload]	File uploaded successfully
[1453974017][gears]	Passive mode enabled
[1453974017][gears]	Passive mode enabled
[1453974017][upload]	File uploaded successfully
[1453974017][upload]	File uploaded successfully
[1453974017][gears]	Passive mode enabled
[1453974017][gears]	Passive mode enabled
[1453974017][upload]	File uploaded successfully
[1453974017][upload]	File uploaded successfully
[1453974018][gears]	Passive mode enabled
[1453974018][gears]	Passive mode enabled
[1453974018][upload]	File uploaded successfully
[1453974018][gears]	Passive mode enabled
[1453974018][upload]	File uploaded successfully
[1453974018][gears]	Passive mode enabled
[1453974018][upload]	File uploaded successfully
[1453974018][upload]	File uploaded successfully
[1453974018][gears]	Passive mode enabled
[1453974018][gears]	Passive mode enabled
[1453974018][upload]	File uploaded successfully
[1453974018][upload]	File uploaded successfully
[1453974018][gears]	Passive mode enabled
[1453974018][gears]	Passive mode enabled
[1453974018][upload]	File uploaded successfully
[1453974018][upload]	File uploaded successfully
[1453974018][gears]	Passive mode enabled
[1453974018][gears]	Passive mode enabled
[1453974018][upload]	File uploaded successfully
[1453974018][upload]	File uploaded successfully
[1453974018][gears]	Passive mode enabled
[1453974018][gears]	Passive mode enabled
[1453974018][upload]	File uploaded successfully
[1453974018][upload]	File uploaded successfully
[1453974018][gears]	Passive mode enabled
[1453974018][gears]	Passive mode enabled
[1453974018][upload]	File uploaded successfully
[1453974018][upload]	File uploaded successfully
[1453974018][gears]	Passive mode enabled
[1453974018][gears]	Passive mode enabled
[1453974019][upload]	File uploaded successfully
[1453974019][upload]	File uploaded successfully
[1453974019][gears]	Passive mode enabled
[1453974019][gears]	Passive mode enabled
[1453974019][upload]	File uploaded successfully
[1453974019][upload]	File uploaded successfully
[1453974019][gears]	Passive mode enabled
[1453974019][gears]	Passive mode enabled
[1453974019][upload]	File uploaded successfully
[1453974019][upload]	File uploaded successfully
[1453974019][gears]	Passive mode enabled
[1453974019][gears]	Passive mode enabled
[1453974019][upload]	File uploaded successfully
[1453974019][gears]	Passive mode enabled
[1453974019][upload]	File uploaded successfully
[1453974019][gears]	Passive mode enabled
[1453974019][upload]	File uploaded successfully
[1453974019][upload]	File uploaded successfully
[1453974019][gears]	Passive mode enabled
[1453974019][gears]	Passive mode enabled
[1453974019][upload]	File uploaded successfully
[1453974019][upload]	File uploaded successfully
[1453974019][gears]	Passive mode enabled
[1453974019][gears]	Passive mode enabled
[1453974019][upload]	File uploaded successfully
[1453974019][upload]	File uploaded successfully
[1453974019][gears]	Passive mode enabled
[1453974019][gears]	Passive mode enabled
[1453974019][upload]	File uploaded successfully
[1453974020][upload]	File uploaded successfully
[1453974020][gears]	Passive mode enabled
[1453974020][gears]	Passive mode enabled
[1453974020][upload]	File uploaded successfully
[1453974020][gears]	Passive mode enabled
[1453974020][upload]	File uploaded successfully
[1453974020][gears]	Passive mode enabled
[1453974020][upload]	File uploaded successfully
[1453974020][gears]	Passive mode enabled
[1453974020][upload]	File uploaded successfully
[1453974020][gears]	Passive mode enabled
[1453974020][upload]	File uploaded successfully
[1453974020][upload]	File uploaded successfully
[1453974020][gears]	Passive mode enabled
[1453974020][gears]	Passive mode enabled
[1453974020][upload]	File uploaded successfully
[1453974020][upload]	File uploaded successfully
[1453974020][gears]	Passive mode enabled
[1453974020][gears]	Passive mode enabled
[1453974020][upload]	File uploaded successfully
[1453974020][upload]	File uploaded successfully
[1453974020][gears]	Passive mode enabled
[1453974020][gears]	Passive mode enabled
[1453974020][upload]	File uploaded successfully
[1453974020][upload]	File uploaded successfully
[1453974020][gears]	Passive mode enabled
[1453974020][gears]	Passive mode enabled
[1453974020][upload]	File uploaded successfully
[1453974020][upload]	File uploaded successfully
[1453974020][gears]	Passive mode enabled
[1453974021][gears]	Passive mode enabled
[1453974021][upload]	File uploaded successfully
[1453974021][upload]	File uploaded successfully
[1453974021][gears]	Passive mode enabled
[1453974021][gears]	Passive mode enabled
[1453974021][upload]	File uploaded successfully
[1453974021][upload]	File uploaded successfully
[1453974021][gears]	Passive mode enabled
[1453974021][gears]	Passive mode enabled
[1453974021][upload]	File uploaded successfully
[1453974021][upload]	File uploaded successfully
[1453974021][gears]	Passive mode enabled
[1453974021][gears]	Passive mode enabled
[1453974021][upload]	File uploaded successfully
[1453974021][upload]	File uploaded successfully
[1453974021][gears]	Passive mode enabled
[1453974021][upload]	File uploaded successfully
[1453974234][gears]	Passive mode enabled
[1453974234][files-o]	Directory listed
[1453974235][gears]	Passive mode enabled
[1453974235][upload]	File uploaded successfully
[1453974235][gears]	Passive mode enabled
[1453974235][files-o]	Directory listed
[1453974295][sign-out]	Successfully disconnected
[1453974410][gears]	Passive mode enabled
[1453974410][upload]	File uploaded successfully
[1453974412][gears]	Passive mode enabled
[1453974412][files-o]	Directory listed
[1453974412][gears]	Passive mode enabled
[1453974412][upload]	File uploaded successfully
[1453974412][gears]	Passive mode enabled
[1453974413][files-o]	Directory listed
[1453974415][gears]	Passive mode enabled
[1453974415][upload]	File uploaded successfully
[1453974417][gears]	Passive mode enabled
[1453974417][files-o]	Directory listed
[1453974417][gears]	Passive mode enabled
[1453974417][upload]	File uploaded successfully
[1453974417][gears]	Passive mode enabled
[1453974417][files-o]	Directory listed
[1453974477][sign-out]	Successfully disconnected
[1453974972][gears]	Passive mode enabled
[1453974972][upload]	File uploaded successfully
[1453975033][sign-out]	Successfully disconnected
[1453976528][gears]	Passive mode enabled
[1453976528][files-o]	Directory listed
[1453976528][gears]	Passive mode enabled
[1453976528][upload]	File uploaded successfully
[1453976528][gears]	Passive mode enabled
[1453976528][files-o]	Directory listed
[1453976538][gears]	Passive mode enabled
[1453976538][upload]	File uploaded successfully
[1453976541][gears]	Passive mode enabled
[1453976541][files-o]	Directory listed
[1453976541][gears]	Passive mode enabled
[1453976541][upload]	File uploaded successfully
[1453976541][gears]	Passive mode enabled
[1453976541][files-o]	Directory listed
[1453976601][sign-out]	Successfully disconnected
[1453981457][gears]	Passive mode enabled
[1453981457][upload]	File uploaded successfully
[1453981505][gears]	Passive mode enabled
[1453981505][files-o]	Directory listed
[1453981565][sign-out]	Successfully disconnected
[1453990001][gears]	Passive mode enabled
[1453990001][files-o]	Directory listed
[1453990008][gears]	Passive mode enabled
[1453990008][upload]	File uploaded successfully
[1453990008][gears]	Passive mode enabled
[1453990008][files-o]	Directory listed
[1453990068][sign-out]	Successfully disconnected
[1454060798][gears]	Passive mode enabled
[1454060798][files-o]	Directory listed
[1454060958][gears]	Passive mode enabled
[1454060958][upload]	File uploaded successfully
[1454060964][gears]	Passive mode enabled
[1454060964][upload]	File uploaded successfully
[1454060964][gears]	Passive mode enabled
[1454060964][files-o]	Directory listed
[1454061024][sign-out]	Successfully disconnected
[1454061032][gears]	Passive mode enabled
[1454061032][upload]	File uploaded successfully
[1454061036][gears]	Passive mode enabled
[1454061036][files-o]	Directory listed
[1454061036][gears]	Passive mode enabled
[1454061036][upload]	File uploaded successfully
[1454061036][gears]	Passive mode enabled
[1454061036][files-o]	Directory listed
[1454061083][sign-out]	Successfully disconnected
[1454061085][sign-out]	Successfully disconnected
[1454061096][sign-out]	Successfully disconnected
[1454085539][gears]	Passive mode enabled
[1454085539][upload]	File uploaded successfully
[1454085539][gears]	Passive mode enabled
[1454085539][files-o]	Directory listed
[1454085541][gears]	Passive mode enabled
[1454085541][upload]	File uploaded successfully
[1454085541][gears]	Passive mode enabled
[1454085541][files-o]	Directory listed
[1454085591][gears]	Passive mode enabled
