[1453478527][gears]	Passive mode enabled
[1453478527][files-o]	Directory listed
[1453478527][gears]	Passive mode enabled
[1453478527][gears]	Passive mode enabled
[1453478527][upload]	File uploaded successfully
[1453478527][upload]	File uploaded successfully
[1453478527][gears]	Passive mode enabled
[1453478527][gears]	Passive mode enabled
[1453478528][upload]	File uploaded successfully
[1453478528][upload]	File uploaded successfully
[1453478529][folder]	Directory "extras" created successfully !
[1453478541][folder]	Directory "icons" created successfully !
[1453974023][gears]	Passive mode enabled
[1453974023][files-o]	Directory listed
[1453974023][gears]	Passive mode enabled
[1453974023][gears]	Passive mode enabled
[1453974023][upload]	File uploaded successfully
[1453974023][upload]	File uploaded successfully
[1453974023][gears]	Passive mode enabled
[1453974023][gears]	Passive mode enabled
[1453974023][upload]	File uploaded successfully
[1453974023][upload]	File uploaded successfully
[1453990071][gears]	Passive mode enabled
[1453990071][files-o]	Directory listed
