[1453478528][gears]	Passive mode enabled
[1453478528][files-o]	Directory listed
[1453478528][gears]	Passive mode enabled
[1453478528][gears]	Passive mode enabled
[1453478528][upload]	File uploaded successfully
[1453478528][upload]	File uploaded successfully
[1453478528][gears]	Passive mode enabled
[1453478528][gears]	Passive mode enabled
[1453478528][upload]	File uploaded successfully
[1453478528][upload]	File uploaded successfully
[1453478529][folder]	Directory "demo" created successfully !
[1453478529][folder]	Directory "flags" created successfully !
[1453478530][folder]	Directory "brands" created successfully !
[1453974023][gears]	Passive mode enabled
[1453974023][files-o]	Directory listed
[1453974023][gears]	Passive mode enabled
[1453974023][gears]	Passive mode enabled
[1453974023][upload]	File uploaded successfully
[1453974024][upload]	File uploaded successfully
[1453974024][gears]	Passive mode enabled
[1453974024][gears]	Passive mode enabled
[1453974024][upload]	File uploaded successfully
[1453974024][upload]	File uploaded successfully
[1453981779][gears]	Passive mode enabled
[1453981779][files-o]	Directory listed
[1453981782][gears]	Passive mode enabled
[1453981782][upload]	File uploaded successfully
[1453981842][sign-out]	Successfully disconnected
