[1453478551][gears]	Passive mode enabled
[1453478551][files-o]	Directory listed
[1453478551][gears]	Passive mode enabled
[1453478551][gears]	Passive mode enabled
[1453478551][upload]	File uploaded successfully
[1453478551][upload]	File uploaded successfully
[1453478551][gears]	Passive mode enabled
[1453478551][gears]	Passive mode enabled
[1453478551][upload]	File uploaded successfully
[1453478551][upload]	File uploaded successfully
[1453478564][folder]	Directory "moment" created successfully !
[1453478564][folder]	Directory "fullcalendar" created successfully !
[1453478564][folder]	Directory "headroom" created successfully !
[1453974044][gears]	Passive mode enabled
[1453974044][files-o]	Directory listed
[1453974044][gears]	Passive mode enabled
[1453974044][gears]	Passive mode enabled
[1453974044][upload]	File uploaded successfully
[1453974044][upload]	File uploaded successfully
[1453974044][gears]	Passive mode enabled
[1453974044][gears]	Passive mode enabled
[1453974044][upload]	File uploaded successfully
[1453974044][upload]	File uploaded successfully
